<?xml version="1.0" encoding="UTF-8"?>
<!-- Generated by org.testng.reporters.JUnitReportReporter -->
<testsuite hostname="DESKTOP-L1ODT8C" failures="0" tests="1" name="com.First.google" time="9.928" errors="0" timestamp="2025-06-30T21:41:02 EDT" skipped="0">
  <testcase classname="com.First.google" name="launchApp" time="9.928"/>
</testsuite> <!-- com.First.google -->
