<?xml version="1.0" encoding="UTF-8"?>
<!-- Generated by org.testng.reporters.JUnitReportReporter -->
<testsuite hostname="DESKTOP-L1ODT8C" failures="0" tests="1" name="com.First.MyClass" time="0.010" errors="0" timestamp="2025-07-01T15:27:46 EDT" skipped="0">
  <testcase classname="com.First.MyClass" name="add" time="0.010"/>
</testsuite> <!-- com.First.MyClass -->
